<?xml version="1.0" encoding="UTF-8"?>
<!-- Generated by org.testng.reporters.JUnitReportReporter -->
<testsuite skipped="0" hostname="DESKTOP-KG6I5P6" name="seleniumDemo.TestLeaf" tests="1" failures="0" timestamp="2021-04-06T12:25:53 EDT" time="36.851" errors="0">
  <testcase name="testLeaf" time="36.851" classname="seleniumDemo.TestLeaf"/>
</testsuite> <!-- seleniumDemo.TestLeaf -->
