<?xml version="1.0" encoding="UTF-8"?>
<!-- Generated by org.testng.reporters.JUnitReportReporter -->
<testsuite skipped="0" hostname="DESKTOP-KG6I5P6" name="testNG.TestNGAnnotation" tests="2" failures="0" timestamp="2021-04-10T20:56:03 EDT" time="0.031" errors="0">
  <testcase name="test1" time="0.022" classname="testNG.TestNGAnnotation"/>
  <testcase name="test2" time="0.009" classname="testNG.TestNGAnnotation"/>
</testsuite> <!-- testNG.TestNGAnnotation -->
