<?xml version="1.0" encoding="UTF-8"?>
<!-- Generated by org.testng.reporters.JUnitReportReporter -->
<testsuite skipped="0" hostname="DESKTOP-KG6I5P6" name="FirstPackage.ChromeTest" tests="1" failures="0" timestamp="2021-04-04T00:04:35 EDT" time="13.793" errors="0">
  <testcase name="chromeTest" time="13.793" classname="FirstPackage.ChromeTest"/>
</testsuite> <!-- FirstPackage.ChromeTest -->
