<?xml version="1.0" encoding="UTF-8"?>
<!-- Generated by org.testng.reporters.JUnitReportReporter -->
<testsuite skipped="0" hostname="DESKTOP-KG6I5P6" name="testNG.Annotation_Priority" tests="3" failures="0" timestamp="2021-04-15T11:37:40 EDT" time="88.112" errors="0">
  <testcase name="test1" time="21.603" classname="testNG.Annotation_Priority"/>
  <testcase name="test2" time="32.199" classname="testNG.Annotation_Priority"/>
  <testcase name="test3" time="34.310" classname="testNG.Annotation_Priority"/>
</testsuite> <!-- testNG.Annotation_Priority -->
