<?xml version="1.0" encoding="UTF-8"?>
<!-- Generated by org.testng.reporters.JUnitReportReporter -->
<testsuite skipped="0" hostname="DESKTOP-KG6I5P6" name="testNG_Parameter.Parameter_createLead" tests="1" failures="0" timestamp="2021-04-22T02:17:35 EDT" time="27.538" errors="0">
  <testcase name="creatLead" time="27.538" classname="testNG_Parameter.Parameter_createLead"/>
</testsuite> <!-- testNG_Parameter.Parameter_createLead -->
