<?xml version="1.0" encoding="UTF-8"?>
<!-- Generated by org.testng.reporters.JUnitReportReporter -->
<testsuite skipped="0" hostname="DESKTOP-KG6I5P6" name="testNG_Implement.CreateAccount" tests="1" failures="0" timestamp="2021-04-20T21:12:46 EDT" time="21.206" errors="0">
  <testcase name="createAccount" time="21.206" classname="testNG_Implement.CreateAccount"/>
</testsuite> <!-- testNG_Implement.CreateAccount -->
