<?xml version="1.0" encoding="UTF-8"?>
<!-- Generated by org.testng.reporters.JUnitReportReporter -->
<testsuite skipped="0" hostname="DESKTOP-KG6I5P6" name="testNG_DataProvider.DataProvider_CreateLead" tests="2" failures="0" timestamp="2021-04-22T03:25:13 EDT" time="47.180" errors="0">
  <testcase name="creatLead" time="25.111" classname="testNG_DataProvider.DataProvider_CreateLead"/>
  <testcase name="creatLead" time="22.069" classname="testNG_DataProvider.DataProvider_CreateLead"/>
</testsuite> <!-- testNG_DataProvider.DataProvider_CreateLead -->
